# JRE version: OpenJDK Runtime Environment Temurin-17.0.4.1+1 (17.0.4.1+1) (build 17.0.4.1+1)
# Java VM: OpenJDK 64-Bit Server VM Temurin-17.0.4.1+1 (17.0.4.1+1, mixed mode, tiered, compressed oops, compressed class ptrs, parallel gc, windows-amd64)
GC Precious Log:
 CPUs: 4 total, 4 available
 Memory: 3839M
 Large Page Support: Disabled
 NUMA Support: Disabled
 Compressed Oops: Enabled (32-bit)
 Alignments: Space 512K, Generation 512K, Heap 2M
 Heap Min Capacity: 100M
 Heap Initial Capacity: 100M
 Heap Max Capacity: 1G
 Pre-touch: Disabled
 Parallel Workers: 4
Heap:
 PSYoungGen      total 34304K, used 21304K [0x00000000eab00000, 0x00000000ee200000, 0x0000000100000000)
  eden space 18432K, 29% used [0x00000000eab00000,0x00000000eb04f8c8,0x00000000ebd00000)
  from space 15872K, 99% used [0x00000000ece80000,0x00000000eddfea48,0x00000000ede00000)
  to   space 17920K, 0% used [0x00000000ebd00000,0x00000000ebd00000,0x00000000ece80000)
 ParOldGen       total 150016K, used 101742K [0x00000000c0000000, 0x00000000c9280000, 0x00000000eab00000)
  object space 150016K, 67% used [0x00000000c0000000,0x00000000c635bbb8,0x00000000c9280000)
 Metaspace       used 61482K, committed 62592K, reserved 1105920K
  class space    used 6412K, committed 6912K, reserved 1048576K
GC Heap History (20 events):
Event: 185.795 GC heap before
{Heap before GC invocations=54 (full 5):
 PSYoungGen      total 18432K, used 18240K [0x00000000eab00000, 0x00000000ec580000, 0x0000000100000000)
  eden space 15360K, 100% used [0x00000000eab00000,0x00000000eba00000,0x00000000eba00000)
  from space 3072K, 93% used [0x00000000ec280000,0x00000000ec550000,0x00000000ec580000)
  to   space 5120K, 0% used [0x00000000ebb80000,0x00000000ebb80000,0x00000000ec080000)
 ParOldGen       total 124928K, used 110469K [0x00000000c0000000, 0x00000000c7a00000, 0x00000000eab00000)
  object space 124928K, 88% used [0x00000000c0000000,0x00000000c6be17e0,0x00000000c7a00000)
 Metaspace       used 60410K, committed 61504K, reserved 1105920K
  class space    used 6342K, committed 6848K, reserved 1048576K
}
Event: 185.816 GC heap after
{Heap after GC invocations=54 (full 5):
 PSYoungGen      total 22016K, used 320K [0x00000000eab00000, 0x00000000ec300000, 0x0000000100000000)
  eden space 16896K, 0% used [0x00000000eab00000,0x00000000eab00000,0x00000000ebb80000)
  from space 5120K, 6% used [0x00000000ebb80000,0x00000000ebbd0000,0x00000000ec080000)
  to   space 2048K, 0% used [0x00000000ec100000,0x00000000ec100000,0x00000000ec300000)
 ParOldGen       total 124928K, used 113213K [0x00000000c0000000, 0x00000000c7a00000, 0x00000000eab00000)
  object space 124928K, 90% used [0x00000000c0000000,0x00000000c6e8f7e0,0x00000000c7a00000)
 Metaspace       used 60410K, committed 61504K, reserved 1105920K
  class space    used 6342K, committed 6848K, reserved 1048576K
}
Event: 186.470 GC heap before
{Heap before GC invocations=55 (full 5):
 PSYoungGen      total 22016K, used 17216K [0x00000000eab00000, 0x00000000ec300000, 0x0000000100000000)
  eden space 16896K, 100% used [0x00000000eab00000,0x00000000ebb80000,0x00000000ebb80000)
  from space 5120K, 6% used [0x00000000ebb80000,0x00000000ebbd0000,0x00000000ec080000)
  to   space 2048K, 0% used [0x00000000ec100000,0x00000000ec100000,0x00000000ec300000)
 ParOldGen       total 124928K, used 113213K [0x00000000c0000000, 0x00000000c7a00000, 0x00000000eab00000)
  object space 124928K, 90% used [0x00000000c0000000,0x00000000c6e8f7e0,0x00000000c7a00000)
 Metaspace       used 60924K, committed 62080K, reserved 1105920K
  class space    used 6381K, committed 6912K, reserved 1048576K
}
Event: 186.486 GC heap after
{Heap after GC invocations=55 (full 5):
 PSYoungGen      total 20480K, used 1248K [0x00000000eab00000, 0x00000000ec280000, 0x0000000100000000)
  eden space 18944K, 0% used [0x00000000eab00000,0x00000000eab00000,0x00000000ebd80000)
  from space 1536K, 81% used [0x00000000ec100000,0x00000000ec238000,0x00000000ec280000)
  to   space 1536K, 0% used [0x00000000ebf80000,0x00000000ebf80000,0x00000000ec100000)
 ParOldGen       total 124928K, used 113456K [0x00000000c0000000, 0x00000000c7a00000, 0x00000000eab00000)
  object space 124928K, 90% used [0x00000000c0000000,0x00000000c6ecc350,0x00000000c7a00000)
 Metaspace       used 60924K, committed 62080K, reserved 1105920K
  class space    used 6381K, committed 6912K, reserved 1048576K
}
Event: 186.875 GC heap before
{Heap before GC invocations=56 (full 5):
 PSYoungGen      total 20480K, used 20192K [0x00000000eab00000, 0x00000000ec280000, 0x0000000100000000)
  eden space 18944K, 100% used [0x00000000eab00000,0x00000000ebd80000,0x00000000ebd80000)
  from space 1536K, 81% used [0x00000000ec100000,0x00000000ec238000,0x00000000ec280000)
  to   space 1536K, 0% used [0x00000000ebf80000,0x00000000ebf80000,0x00000000ec100000)
 ParOldGen       total 124928K, used 113456K [0x00000000c0000000, 0x00000000c7a00000, 0x00000000eab00000)
  object space 124928K, 90% used [0x00000000c0000000,0x00000000c6ecc350,0x00000000c7a00000)
 Metaspace       used 60929K, committed 62080K, reserved 1105920K
  class space    used 6381K, committed 6912K, reserved 1048576K
}
Event: 186.891 GC heap after
{Heap after GC invocations=56 (full 5):
 PSYoungGen      total 22528K, used 1536K [0x00000000eab00000, 0x00000000ec580000, 0x0000000100000000)
  eden space 20992K, 0% used [0x00000000eab00000,0x00000000eab00000,0x00000000ebf80000)
  from space 1536K, 100% used [0x00000000ebf80000,0x00000000ec100000,0x00000000ec100000)
  to   space 3072K, 0% used [0x00000000ec280000,0x00000000ec280000,0x00000000ec580000)
 ParOldGen       total 124928K, used 114640K [0x00000000c0000000, 0x00000000c7a00000, 0x00000000eab00000)
  object space 124928K, 91% used [0x00000000c0000000,0x00000000c6ff4350,0x00000000c7a00000)
 Metaspace       used 60929K, committed 62080K, reserved 1105920K
  class space    used 6381K, committed 6912K, reserved 1048576K
}
Event: 187.682 GC heap before
{Heap before GC invocations=57 (full 5):
 PSYoungGen      total 22528K, used 22528K [0x00000000eab00000, 0x00000000ec580000, 0x0000000100000000)
  eden space 20992K, 100% used [0x00000000eab00000,0x00000000ebf80000,0x00000000ebf80000)
  from space 1536K, 100% used [0x00000000ebf80000,0x00000000ec100000,0x00000000ec100000)
  to   space 3072K, 0% used [0x00000000ec280000,0x00000000ec280000,0x00000000ec580000)
 ParOldGen       total 124928K, used 114640K [0x00000000c0000000, 0x00000000c7a00000, 0x00000000eab00000)
  object space 124928K, 91% used [0x00000000c0000000,0x00000000c6ff4350,0x00000000c7a00000)
 Metaspace       used 60971K, committed 62080K, reserved 1105920K
  class space    used 6385K, committed 6912K, reserved 1048576K
}
Event: 187.700 GC heap after
{Heap after GC invocations=57 (full 5):
 PSYoungGen      total 23040K, used 1952K [0x00000000eab00000, 0x00000000ec480000, 0x0000000100000000)
  eden space 20992K, 0% used [0x00000000eab00000,0x00000000eab00000,0x00000000ebf80000)
  from space 2048K, 95% used [0x00000000ec280000,0x00000000ec468000,0x00000000ec480000)
  to   space 2560K, 0% used [0x00000000ebf80000,0x00000000ebf80000,0x00000000ec200000)
 ParOldGen       total 124928K, used 116197K [0x00000000c0000000, 0x00000000c7a00000, 0x00000000eab00000)
  object space 124928K, 93% used [0x00000000c0000000,0x00000000c7179650,0x00000000c7a00000)
 Metaspace       used 60971K, committed 62080K, reserved 1105920K
  class space    used 6385K, committed 6912K, reserved 1048576K
}
Event: 188.998 GC heap before
{Heap before GC invocations=58 (full 5):
 PSYoungGen      total 23040K, used 22944K [0x00000000eab00000, 0x00000000ec480000, 0x0000000100000000)
  eden space 20992K, 100% used [0x00000000eab00000,0x00000000ebf80000,0x00000000ebf80000)
  from space 2048K, 95% used [0x00000000ec280000,0x00000000ec468000,0x00000000ec480000)
  to   space 2560K, 0% used [0x00000000ebf80000,0x00000000ebf80000,0x00000000ec200000)
 ParOldGen       total 124928K, used 116197K [0x00000000c0000000, 0x00000000c7a00000, 0x00000000eab00000)
  object space 124928K, 93% used [0x00000000c0000000,0x00000000c7179650,0x00000000c7a00000)
 Metaspace       used 61356K, committed 62464K, reserved 1105920K
  class space    used 6412K, committed 6912K, reserved 1048576K
}
Event: 189.120 GC heap after
{Heap after GC invocations=58 (full 5):
 PSYoungGen      total 23552K, used 2536K [0x00000000eab00000, 0x00000000eec80000, 0x0000000100000000)
  eden space 20992K, 0% used [0x00000000eab00000,0x00000000eab00000,0x00000000ebf80000)
  from space 2560K, 99% used [0x00000000ebf80000,0x00000000ec1fa2e0,0x00000000ec200000)
  to   space 23040K, 0% used [0x00000000ed600000,0x00000000ed600000,0x00000000eec80000)
 ParOldGen       total 133632K, used 133442K [0x00000000c0000000, 0x00000000c8280000, 0x00000000eab00000)
  object space 133632K, 99% used [0x00000000c0000000,0x00000000c8250a30,0x00000000c8280000)
 Metaspace       used 61356K, committed 62464K, reserved 1105920K
  class space    used 6412K, committed 6912K, reserved 1048576K
}
Event: 189.120 GC heap before
{Heap before GC invocations=59 (full 6):
 PSYoungGen      total 23552K, used 2536K [0x00000000eab00000, 0x00000000eec80000, 0x0000000100000000)
  eden space 20992K, 0% used [0x00000000eab00000,0x00000000eab00000,0x00000000ebf80000)
  from space 2560K, 99% used [0x00000000ebf80000,0x00000000ec1fa2e0,0x00000000ec200000)
  to   space 23040K, 0% used [0x00000000ed600000,0x00000000ed600000,0x00000000eec80000)
 ParOldGen       total 133632K, used 133442K [0x00000000c0000000, 0x00000000c8280000, 0x00000000eab00000)
  object space 133632K, 99% used [0x00000000c0000000,0x00000000c8250a30,0x00000000c8280000)
 Metaspace       used 61356K, committed 62464K, reserved 1105920K
  class space    used 6412K, committed 6912K, reserved 1048576K
}
Event: 189.427 GC heap after
{Heap after GC invocations=59 (full 6):
 PSYoungGen      total 44032K, used 0K [0x00000000eab00000, 0x00000000eec80000, 0x0000000100000000)
  eden space 20992K, 0% used [0x00000000eab00000,0x00000000eab00000,0x00000000ebf80000)
  from space 23040K, 0% used [0x00000000ed600000,0x00000000ed600000,0x00000000eec80000)
  to   space 23040K, 0% used [0x00000000ebf80000,0x00000000ebf80000,0x00000000ed600000)
 ParOldGen       total 150016K, used 100206K [0x00000000c0000000, 0x00000000c9280000, 0x00000000eab00000)
  object space 150016K, 66% used [0x00000000c0000000,0x00000000c61dbbb8,0x00000000c9280000)
 Metaspace       used 61356K, committed 62464K, reserved 1105920K
  class space    used 6412K, committed 6912K, reserved 1048576K
}
Event: 190.540 GC heap before
{Heap before GC invocations=60 (full 6):
 PSYoungGen      total 44032K, used 20992K [0x00000000eab00000, 0x00000000eec80000, 0x0000000100000000)
  eden space 20992K, 100% used [0x00000000eab00000,0x00000000ebf80000,0x00000000ebf80000)
  from space 23040K, 0% used [0x00000000ed600000,0x00000000ed600000,0x00000000eec80000)
  to   space 23040K, 0% used [0x00000000ebf80000,0x00000000ebf80000,0x00000000ed600000)
 ParOldGen       total 150016K, used 100206K [0x00000000c0000000, 0x00000000c9280000, 0x00000000eab00000)
  object space 150016K, 66% used [0x00000000c0000000,0x00000000c61dbbb8,0x00000000c9280000)
 Metaspace       used 61378K, committed 62464K, reserved 1105920K
  class space    used 6412K, committed 6912K, reserved 1048576K
}
Event: 190.616 GC heap after
{Heap after GC invocations=60 (full 6):
 PSYoungGen      total 35328K, used 13956K [0x00000000eab00000, 0x00000000edf80000, 0x0000000100000000)
  eden space 20992K, 0% used [0x00000000eab00000,0x00000000eab00000,0x00000000ebf80000)
  from space 14336K, 97% used [0x00000000ebf80000,0x00000000ecd21000,0x00000000ecd80000)
  to   space 16384K, 0% used [0x00000000ecf80000,0x00000000ecf80000,0x00000000edf80000)
 ParOldGen       total 150016K, used 100206K [0x00000000c0000000, 0x00000000c9280000, 0x00000000eab00000)
  object space 150016K, 66% used [0x00000000c0000000,0x00000000c61dbbb8,0x00000000c9280000)
 Metaspace       used 61378K, committed 62464K, reserved 1105920K
  class space    used 6412K, committed 6912K, reserved 1048576K
}
Event: 191.833 GC heap before
{Heap before GC invocations=61 (full 6):
 PSYoungGen      total 35328K, used 34948K [0x00000000eab00000, 0x00000000edf80000, 0x0000000100000000)
  eden space 20992K, 100% used [0x00000000eab00000,0x00000000ebf80000,0x00000000ebf80000)
  from space 14336K, 97% used [0x00000000ebf80000,0x00000000ecd21000,0x00000000ecd80000)
  to   space 16384K, 0% used [0x00000000ecf80000,0x00000000ecf80000,0x00000000edf80000)
 ParOldGen       total 150016K, used 100206K [0x00000000c0000000, 0x00000000c9280000, 0x00000000eab00000)
  object space 150016K, 66% used [0x00000000c0000000,0x00000000c61dbbb8,0x00000000c9280000)
 Metaspace       used 61472K, committed 62592K, reserved 1105920K
  class space    used 6412K, committed 6912K, reserved 1048576K
}
Event: 191.919 GC heap after
{Heap after GC invocations=61 (full 6):
 PSYoungGen      total 36864K, used 15960K [0x00000000eab00000, 0x00000000ee080000, 0x0000000100000000)
  eden space 20480K, 0% used [0x00000000eab00000,0x00000000eab00000,0x00000000ebf00000)
  from space 16384K, 97% used [0x00000000ecf80000,0x00000000edf16018,0x00000000edf80000)
  to   space 16896K, 0% used [0x00000000ebf00000,0x00000000ebf00000,0x00000000ecf80000)
 ParOldGen       total 150016K, used 100214K [0x00000000c0000000, 0x00000000c9280000, 0x00000000eab00000)
  object space 150016K, 66% used [0x00000000c0000000,0x00000000c61ddbb8,0x00000000c9280000)
 Metaspace       used 61472K, committed 62592K, reserved 1105920K
  class space    used 6412K, committed 6912K, reserved 1048576K
}
Event: 192.624 GC heap before
{Heap before GC invocations=62 (full 6):
 PSYoungGen      total 36864K, used 36440K [0x00000000eab00000, 0x00000000ee080000, 0x0000000100000000)
  eden space 20480K, 100% used [0x00000000eab00000,0x00000000ebf00000,0x00000000ebf00000)
  from space 16384K, 97% used [0x00000000ecf80000,0x00000000edf16018,0x00000000edf80000)
  to   space 16896K, 0% used [0x00000000ebf00000,0x00000000ebf00000,0x00000000ecf80000)
 ParOldGen       total 150016K, used 100214K [0x00000000c0000000, 0x00000000c9280000, 0x00000000eab00000)
  object space 150016K, 66% used [0x00000000c0000000,0x00000000c61ddbb8,0x00000000c9280000)
 Metaspace       used 61479K, committed 62592K, reserved 1105920K
  class space    used 6412K, committed 6912K, reserved 1048576K
}
Event: 192.687 GC heap after
{Heap after GC invocations=62 (full 6):
 PSYoungGen      total 35840K, used 15204K [0x00000000eab00000, 0x00000000ede00000, 0x0000000100000000)
  eden space 20480K, 0% used [0x00000000eab00000,0x00000000eab00000,0x00000000ebf00000)
  from space 15360K, 98% used [0x00000000ebf00000,0x00000000ecdd9248,0x00000000ece00000)
  to   space 15872K, 0% used [0x00000000ece80000,0x00000000ece80000,0x00000000ede00000)
 ParOldGen       total 150016K, used 100214K [0x00000000c0000000, 0x00000000c9280000, 0x00000000eab00000)
  object space 150016K, 66% used [0x00000000c0000000,0x00000000c61ddbb8,0x00000000c9280000)
 Metaspace       used 61479K, committed 62592K, reserved 1105920K
  class space    used 6412K, committed 6912K, reserved 1048576K
}
Event: 193.521 GC heap before
{Heap before GC invocations=63 (full 6):
 PSYoungGen      total 35840K, used 35684K [0x00000000eab00000, 0x00000000ede00000, 0x0000000100000000)
  eden space 20480K, 100% used [0x00000000eab00000,0x00000000ebf00000,0x00000000ebf00000)
  from space 15360K, 98% used [0x00000000ebf00000,0x00000000ecdd9248,0x00000000ece00000)
  to   space 15872K, 0% used [0x00000000ece80000,0x00000000ece80000,0x00000000ede00000)
 ParOldGen       total 150016K, used 100214K [0x00000000c0000000, 0x00000000c9280000, 0x00000000eab00000)
  object space 150016K, 66% used [0x00000000c0000000,0x00000000c61ddbb8,0x00000000c9280000)
 Metaspace       used 61482K, committed 62592K, reserved 1105920K
  class space    used 6412K, committed 6912K, reserved 1048576K
}
Event: 193.601 GC heap after
{Heap after GC invocations=63 (full 6):
 PSYoungGen      total 34304K, used 15866K [0x00000000eab00000, 0x00000000ee200000, 0x0000000100000000)
  eden space 18432K, 0% used [0x00000000eab00000,0x00000000eab00000,0x00000000ebd00000)
  from space 15872K, 99% used [0x00000000ece80000,0x00000000eddfea48,0x00000000ede00000)
  to   space 17920K, 0% used [0x00000000ebd00000,0x00000000ebd00000,0x00000000ece80000)
 ParOldGen       total 150016K, used 101742K [0x00000000c0000000, 0x00000000c9280000, 0x00000000eab00000)
  object space 150016K, 67% used [0x00000000c0000000,0x00000000c635bbb8,0x00000000c9280000)
 Metaspace       used 61482K, committed 62592K, reserved 1105920K
  class space    used 6412K, committed 6912K, reserved 1048576K
}

